g:\github\hwatermark\src\hwatermark\hwatermark\hwatermark.dir\debug\vc140.pdb
g:\github\hwatermark\src\hwatermark\hwatermark\hwatermark.dir\debug\myopencv.obj
g:\github\hwatermark\src\hwatermark\hwatermark\hwatermark.dir\debug\main.obj
g:\github\hwatermark\src\hwatermark\hwatermark\hwatermark.dir\debug\mainwindow.obj
g:\github\hwatermark\src\hwatermark\hwatermark\hwatermark.dir\debug\moc_ui_mainwindow.obj
g:\github\hwatermark\src\hwatermark\hwatermark\hwatermark.dir\debug\moc_mainwindow.obj
g:\github\hwatermark\src\hwatermark\hwatermark\moc_mainwindow.cpp
g:\github\hwatermark\src\hwatermark\hwatermark\moc_ui_mainwindow.cpp
g:\github\hwatermark\src\hwatermark\hwatermark\cmakefiles\generate.stamp
g:\github\hwatermark\src\hwatermark\hwatermark\debug\hwatermark.ilk
g:\github\hwatermark\src\hwatermark\hwatermark\debug\hwatermark.exe
g:\github\hwatermark\src\hwatermark\hwatermark\debug\hwatermark.pdb
g:\github\hwatermark\src\hwatermark\hwatermark\hwatermark.dir\debug\hwatermark.tlog\cl.command.1.tlog
g:\github\hwatermark\src\hwatermark\hwatermark\hwatermark.dir\debug\hwatermark.tlog\cl.read.1.tlog
g:\github\hwatermark\src\hwatermark\hwatermark\hwatermark.dir\debug\hwatermark.tlog\cl.write.1.tlog
g:\github\hwatermark\src\hwatermark\hwatermark\hwatermark.dir\debug\hwatermark.tlog\custombuild.command.1.tlog
g:\github\hwatermark\src\hwatermark\hwatermark\hwatermark.dir\debug\hwatermark.tlog\custombuild.read.1.tlog
g:\github\hwatermark\src\hwatermark\hwatermark\hwatermark.dir\debug\hwatermark.tlog\custombuild.write.1.tlog
g:\github\hwatermark\src\hwatermark\hwatermark\hwatermark.dir\debug\hwatermark.tlog\link.command.1.tlog
g:\github\hwatermark\src\hwatermark\hwatermark\hwatermark.dir\debug\hwatermark.tlog\link.read.1.tlog
g:\github\hwatermark\src\hwatermark\hwatermark\hwatermark.dir\debug\hwatermark.tlog\link.write.1.tlog
